[2024-11-06 10:49:48,184] INFO: __init__ : 26] Credit Risk Model Building Started
[2024-11-06 10:49:52,035] INFO: main : 10] >>>>>>>>>>>Starting Data Ingestion Stage<<<<<<<<<<<<<
[2024-11-06 10:49:52,040] INFO: common : 32] Successfully loaded yaml file: config\config.yaml
[2024-11-06 10:49:52,040] INFO: common : 32] Successfully loaded yaml file: params.yaml
[2024-11-06 10:49:52,047] INFO: common : 32] Successfully loaded yaml file: schema.yaml
[2024-11-06 10:49:52,048] INFO: common : 55] Created directory: artifacts
[2024-11-06 10:49:52,050] INFO: common : 55] Created directory: artifacts/data_ingestion
[2024-11-06 10:49:52,051] INFO: data_ingestion : 17] Loading customers data...
[2024-11-06 10:49:52,243] INFO: common : 79] Successfully loaded DataFrame from: data\customers.csv
[2024-11-06 10:49:52,245] INFO: data_ingestion : 20] Loading loans data...
[2024-11-06 10:49:52,477] INFO: common : 79] Successfully loaded DataFrame from: data\loans.csv
[2024-11-06 10:49:52,477] INFO: data_ingestion : 23] Loading bureau data...
[2024-11-06 10:49:52,590] INFO: common : 79] Successfully loaded DataFrame from: data\bureau_data.csv
[2024-11-06 10:49:52,591] INFO: data_ingestion : 26] The Shape of customers data: (50000, 12)
[2024-11-06 10:49:52,591] INFO: data_ingestion : 27] The Shape of loans data: (50000, 15)
[2024-11-06 10:49:52,594] INFO: data_ingestion : 28] The Shape of bureau data: (50000, 8)
[2024-11-06 10:49:53,770] INFO: common : 97] Successfully saved DataFrame to: artifacts\data_ingestion\data.csv
[2024-11-06 10:49:53,770] INFO: main : 12] >>>>>>>>>>>Completed Data Ingestion Stage<<<<<<<<<<<<<
[2024-11-06 10:51:21,273] INFO: __init__ : 26] Credit Risk Model Building Started
[2024-11-06 11:19:39,840] INFO: common : 32] Successfully loaded yaml file: config\config.yaml
[2024-11-06 11:19:39,842] INFO: common : 32] Successfully loaded yaml file: params.yaml
[2024-11-06 11:19:39,845] INFO: common : 32] Successfully loaded yaml file: schema.yaml
[2024-11-06 11:19:39,846] INFO: common : 55] Created directory: artifacts
[2024-11-06 11:19:39,848] INFO: common : 55] Created directory: artifacts/data_preprocessing
[2024-11-06 11:19:58,022] INFO: common : 32] Successfully loaded yaml file: config\config.yaml
[2024-11-06 11:19:58,026] INFO: common : 32] Successfully loaded yaml file: params.yaml
[2024-11-06 11:19:58,028] INFO: common : 32] Successfully loaded yaml file: schema.yaml
[2024-11-06 11:19:58,030] INFO: common : 55] Created directory: artifacts
[2024-11-06 11:19:58,032] INFO: common : 55] Created directory: artifacts/data_preprocessing
[2024-11-06 11:21:07,628] INFO: common : 32] Successfully loaded yaml file: config\config.yaml
[2024-11-06 11:21:07,631] INFO: common : 32] Successfully loaded yaml file: params.yaml
[2024-11-06 11:21:07,633] INFO: common : 32] Successfully loaded yaml file: schema.yaml
[2024-11-06 11:21:07,635] INFO: common : 55] Created directory: artifacts
[2024-11-06 11:21:07,637] INFO: common : 55] Created directory: artifacts/data_preprocessing
[2024-11-06 11:21:28,452] INFO: common : 32] Successfully loaded yaml file: config\config.yaml
[2024-11-06 11:21:28,454] INFO: common : 32] Successfully loaded yaml file: params.yaml
[2024-11-06 11:21:28,454] INFO: common : 32] Successfully loaded yaml file: schema.yaml
[2024-11-06 11:21:28,454] INFO: common : 55] Created directory: artifacts
[2024-11-06 11:21:28,459] INFO: common : 55] Created directory: artifacts/data_preprocessing
[2024-11-06 11:21:28,463] ERROR: common : 82] Error loading DataFrame from: artifacts\data.csv - [Errno 2] No such file or directory: 'artifacts\\data.csv'
[2024-11-06 11:21:28,463] ERROR: 831466710 : 52] An error occurred during data preprocessing: Error occurred in python script name [c:\Users\ambig\jupiter_notebook\Projects\Credit-Risk-Model\src\Credit_Risk_Model\utils\common.py] line number [78] error message[[Errno 2] No such file or directory: 'artifacts\\data.csv']
[2024-11-06 11:22:21,394] INFO: common : 32] Successfully loaded yaml file: config\config.yaml
[2024-11-06 11:22:21,396] INFO: common : 32] Successfully loaded yaml file: params.yaml
[2024-11-06 11:22:21,398] INFO: common : 32] Successfully loaded yaml file: schema.yaml
[2024-11-06 11:22:21,400] INFO: common : 55] Created directory: artifacts
[2024-11-06 11:22:21,401] INFO: common : 55] Created directory: artifacts/data_preprocessing
[2024-11-06 11:22:21,555] INFO: common : 79] Successfully loaded DataFrame from: artifacts\data_ingestion\data.csv
[2024-11-06 11:22:21,562] INFO: 831466710 : 18] The Valure counts for 'default' column: default
0    45703
1     4297
Name: count, dtype: int64
[2024-11-06 11:22:21,562] INFO: 831466710 : 34] No missing values found in column 'cust_id'
[2024-11-06 11:22:21,562] INFO: 831466710 : 34] No missing values found in column 'age'
[2024-11-06 11:22:21,562] INFO: 831466710 : 34] No missing values found in column 'gender'
[2024-11-06 11:22:21,572] INFO: 831466710 : 34] No missing values found in column 'marital_status'
[2024-11-06 11:22:21,575] INFO: 831466710 : 34] No missing values found in column 'employment_status'
[2024-11-06 11:22:21,575] INFO: 831466710 : 34] No missing values found in column 'income'
[2024-11-06 11:22:21,575] INFO: 831466710 : 34] No missing values found in column 'number_of_dependants'
[2024-11-06 11:22:21,575] WARNING: 831466710 : 25] Missing values found in column 'residence_type', replacing with 'Unknown'
[2024-11-06 11:22:21,588] INFO: 831466710 : 27] Missing values replaced in column 'residence_type' with mode 'Owned'
[2024-11-06 11:22:21,591] INFO: 831466710 : 34] No missing values found in column 'years_at_current_address'
[2024-11-06 11:22:21,594] INFO: 831466710 : 34] No missing values found in column 'city'
[2024-11-06 11:22:21,594] INFO: 831466710 : 34] No missing values found in column 'state'
[2024-11-06 11:22:21,594] INFO: 831466710 : 34] No missing values found in column 'zipcode'
[2024-11-06 11:22:21,594] INFO: 831466710 : 34] No missing values found in column 'loan_id'
[2024-11-06 11:22:21,594] INFO: 831466710 : 34] No missing values found in column 'loan_purpose'
[2024-11-06 11:22:21,606] INFO: 831466710 : 34] No missing values found in column 'loan_type'
[2024-11-06 11:22:21,609] INFO: 831466710 : 34] No missing values found in column 'sanction_amount'
[2024-11-06 11:22:21,609] INFO: 831466710 : 34] No missing values found in column 'loan_amount'
[2024-11-06 11:22:21,609] INFO: 831466710 : 34] No missing values found in column 'processing_fee'
[2024-11-06 11:22:21,609] INFO: 831466710 : 34] No missing values found in column 'gst'
[2024-11-06 11:22:21,609] INFO: 831466710 : 34] No missing values found in column 'net_disbursement'
[2024-11-06 11:22:21,609] INFO: 831466710 : 34] No missing values found in column 'loan_tenure_months'
[2024-11-06 11:22:21,609] INFO: 831466710 : 34] No missing values found in column 'principal_outstanding'
[2024-11-06 11:22:21,609] INFO: 831466710 : 34] No missing values found in column 'bank_balance_at_application'
[2024-11-06 11:22:21,609] INFO: 831466710 : 34] No missing values found in column 'disbursal_date'
[2024-11-06 11:22:21,620] INFO: 831466710 : 34] No missing values found in column 'installment_start_dt'
[2024-11-06 11:22:21,621] INFO: 831466710 : 34] No missing values found in column 'default'
[2024-11-06 11:22:21,622] INFO: 831466710 : 34] No missing values found in column 'number_of_open_accounts'
[2024-11-06 11:22:21,625] INFO: 831466710 : 34] No missing values found in column 'number_of_closed_accounts'
[2024-11-06 11:22:21,626] INFO: 831466710 : 34] No missing values found in column 'total_loan_months'
[2024-11-06 11:22:21,628] INFO: 831466710 : 34] No missing values found in column 'delinquent_months'
[2024-11-06 11:22:21,628] INFO: 831466710 : 34] No missing values found in column 'total_dpd'
[2024-11-06 11:22:21,628] INFO: 831466710 : 34] No missing values found in column 'enquiry_count'
[2024-11-06 11:22:21,628] INFO: 831466710 : 34] No missing values found in column 'credit_utilization_ratio'
[2024-11-06 11:22:21,686] INFO: 831466710 : 43] No duplicate rows found
[2024-11-06 11:22:21,687] INFO: 831466710 : 45] Index(['cust_id', 'age', 'gender', 'marital_status', 'employment_status',
       'income', 'number_of_dependants', 'residence_type',
       'years_at_current_address', 'city', 'state', 'zipcode', 'loan_id',
       'loan_purpose', 'loan_type', 'sanction_amount', 'loan_amount',
       'processing_fee', 'gst', 'net_disbursement', 'loan_tenure_months',
       'principal_outstanding', 'bank_balance_at_application',
       'disbursal_date', 'installment_start_dt', 'default',
       'number_of_open_accounts', 'number_of_closed_accounts',
       'total_loan_months', 'delinquent_months', 'total_dpd', 'enquiry_count',
       'credit_utilization_ratio'],
      dtype='object')
[2024-11-06 11:22:22,007] INFO: common : 97] Successfully saved DataFrame to: artifacts\preprocessed_data.csv
[2024-11-06 11:22:22,007] INFO: 831466710 : 49] Processed data saved to artifacts\preprocessed_data.csv
[2024-11-06 11:24:39,180] INFO: common : 32] Successfully loaded yaml file: config\config.yaml
[2024-11-06 11:24:39,182] INFO: common : 32] Successfully loaded yaml file: params.yaml
[2024-11-06 11:24:39,185] INFO: common : 32] Successfully loaded yaml file: schema.yaml
[2024-11-06 11:24:39,187] INFO: common : 55] Created directory: artifacts
[2024-11-06 11:24:39,188] INFO: common : 55] Created directory: artifacts/data_preprocessing
[2024-11-06 11:24:39,422] INFO: common : 79] Successfully loaded DataFrame from: artifacts\data_ingestion\data.csv
[2024-11-06 11:24:39,439] INFO: 1394553528 : 22] The Valure counts for 'default' column: default
0    45703
1     4297
Name: count, dtype: int64
[2024-11-06 11:24:39,442] INFO: 1394553528 : 38] No missing values found in column 'cust_id'
[2024-11-06 11:24:39,445] INFO: 1394553528 : 38] No missing values found in column 'age'
[2024-11-06 11:24:39,446] INFO: 1394553528 : 38] No missing values found in column 'gender'
[2024-11-06 11:24:39,446] INFO: 1394553528 : 38] No missing values found in column 'marital_status'
[2024-11-06 11:24:39,456] INFO: 1394553528 : 38] No missing values found in column 'employment_status'
[2024-11-06 11:24:39,457] INFO: 1394553528 : 38] No missing values found in column 'income'
[2024-11-06 11:24:39,457] INFO: 1394553528 : 38] No missing values found in column 'number_of_dependants'
[2024-11-06 11:24:39,457] WARNING: 1394553528 : 29] Missing values found in column 'residence_type', replacing with 'Unknown'
[2024-11-06 11:24:39,475] INFO: 1394553528 : 31] Missing values replaced in column 'residence_type' with mode 'Owned'
[2024-11-06 11:24:39,476] INFO: 1394553528 : 38] No missing values found in column 'years_at_current_address'
[2024-11-06 11:24:39,476] INFO: 1394553528 : 38] No missing values found in column 'city'
[2024-11-06 11:24:39,476] INFO: 1394553528 : 38] No missing values found in column 'state'
[2024-11-06 11:24:39,476] INFO: 1394553528 : 38] No missing values found in column 'zipcode'
[2024-11-06 11:24:39,490] INFO: 1394553528 : 38] No missing values found in column 'loan_id'
[2024-11-06 11:24:39,495] INFO: 1394553528 : 38] No missing values found in column 'loan_purpose'
[2024-11-06 11:24:39,495] INFO: 1394553528 : 38] No missing values found in column 'loan_type'
[2024-11-06 11:24:39,495] INFO: 1394553528 : 38] No missing values found in column 'sanction_amount'
[2024-11-06 11:24:39,505] INFO: 1394553528 : 38] No missing values found in column 'loan_amount'
[2024-11-06 11:24:39,508] INFO: 1394553528 : 38] No missing values found in column 'processing_fee'
[2024-11-06 11:24:39,508] INFO: 1394553528 : 38] No missing values found in column 'gst'
[2024-11-06 11:24:39,511] INFO: 1394553528 : 38] No missing values found in column 'net_disbursement'
[2024-11-06 11:24:39,511] INFO: 1394553528 : 38] No missing values found in column 'loan_tenure_months'
[2024-11-06 11:24:39,511] INFO: 1394553528 : 38] No missing values found in column 'principal_outstanding'
[2024-11-06 11:24:39,511] INFO: 1394553528 : 38] No missing values found in column 'bank_balance_at_application'
[2024-11-06 11:24:39,511] INFO: 1394553528 : 38] No missing values found in column 'disbursal_date'
[2024-11-06 11:24:39,525] INFO: 1394553528 : 38] No missing values found in column 'installment_start_dt'
[2024-11-06 11:24:39,527] INFO: 1394553528 : 38] No missing values found in column 'default'
[2024-11-06 11:24:39,529] INFO: 1394553528 : 38] No missing values found in column 'number_of_open_accounts'
[2024-11-06 11:24:39,530] INFO: 1394553528 : 38] No missing values found in column 'number_of_closed_accounts'
[2024-11-06 11:24:39,532] INFO: 1394553528 : 38] No missing values found in column 'total_loan_months'
[2024-11-06 11:24:39,533] INFO: 1394553528 : 38] No missing values found in column 'delinquent_months'
[2024-11-06 11:24:39,533] INFO: 1394553528 : 38] No missing values found in column 'total_dpd'
[2024-11-06 11:24:39,533] INFO: 1394553528 : 38] No missing values found in column 'enquiry_count'
[2024-11-06 11:24:39,539] INFO: 1394553528 : 38] No missing values found in column 'credit_utilization_ratio'
[2024-11-06 11:24:39,623] INFO: 1394553528 : 47] No duplicate rows found
[2024-11-06 11:24:39,623] INFO: 1394553528 : 49] Index(['cust_id', 'age', 'gender', 'marital_status', 'employment_status',
       'income', 'number_of_dependants', 'residence_type',
       'years_at_current_address', 'city', 'state', 'zipcode', 'loan_id',
       'loan_purpose', 'loan_type', 'sanction_amount', 'loan_amount',
       'processing_fee', 'gst', 'net_disbursement', 'loan_tenure_months',
       'principal_outstanding', 'bank_balance_at_application',
       'disbursal_date', 'installment_start_dt', 'default',
       'number_of_open_accounts', 'number_of_closed_accounts',
       'total_loan_months', 'delinquent_months', 'total_dpd', 'enquiry_count',
       'credit_utilization_ratio'],
      dtype='object')
[2024-11-06 11:24:40,232] INFO: common : 97] Successfully saved DataFrame to: artifacts\preprocessed_data.csv
[2024-11-06 11:24:40,233] INFO: 1394553528 : 53] Processed data saved to artifacts\preprocessed_data.csv
[2024-11-06 11:25:12,798] INFO: common : 32] Successfully loaded yaml file: config\config.yaml
[2024-11-06 11:25:12,801] INFO: common : 32] Successfully loaded yaml file: params.yaml
[2024-11-06 11:25:12,803] INFO: common : 32] Successfully loaded yaml file: schema.yaml
[2024-11-06 11:25:12,805] INFO: common : 55] Created directory: artifacts
[2024-11-06 11:25:12,807] INFO: common : 55] Created directory: artifacts/data_preprocessing
[2024-11-06 11:25:13,038] INFO: common : 79] Successfully loaded DataFrame from: artifacts\data_ingestion\data.csv
[2024-11-06 11:25:13,043] INFO: 4147190236 : 22] The Valure counts for 'default' column: default
0    45703
1     4297
Name: count, dtype: int64
[2024-11-06 11:25:13,050] INFO: 4147190236 : 38] No missing values found in column 'cust_id'
[2024-11-06 11:25:13,053] INFO: 4147190236 : 38] No missing values found in column 'age'
[2024-11-06 11:25:13,056] INFO: 4147190236 : 38] No missing values found in column 'gender'
[2024-11-06 11:25:13,056] INFO: 4147190236 : 38] No missing values found in column 'marital_status'
[2024-11-06 11:25:13,056] INFO: 4147190236 : 38] No missing values found in column 'employment_status'
[2024-11-06 11:25:13,073] INFO: 4147190236 : 38] No missing values found in column 'income'
[2024-11-06 11:25:13,073] INFO: 4147190236 : 38] No missing values found in column 'number_of_dependants'
[2024-11-06 11:25:13,073] WARNING: 4147190236 : 29] Missing values found in column 'residence_type', replacing with 'Unknown'
[2024-11-06 11:25:13,106] INFO: 4147190236 : 31] Missing values replaced in column 'residence_type' with mode 'Owned'
[2024-11-06 11:25:13,110] INFO: 4147190236 : 38] No missing values found in column 'years_at_current_address'
[2024-11-06 11:25:13,114] INFO: 4147190236 : 38] No missing values found in column 'city'
[2024-11-06 11:25:13,122] INFO: 4147190236 : 38] No missing values found in column 'state'
[2024-11-06 11:25:13,125] INFO: 4147190236 : 38] No missing values found in column 'zipcode'
[2024-11-06 11:25:13,128] INFO: 4147190236 : 38] No missing values found in column 'loan_id'
[2024-11-06 11:25:13,128] INFO: 4147190236 : 38] No missing values found in column 'loan_purpose'
[2024-11-06 11:25:13,139] INFO: 4147190236 : 38] No missing values found in column 'loan_type'
[2024-11-06 11:25:13,141] INFO: 4147190236 : 38] No missing values found in column 'sanction_amount'
[2024-11-06 11:25:13,143] INFO: 4147190236 : 38] No missing values found in column 'loan_amount'
[2024-11-06 11:25:13,147] INFO: 4147190236 : 38] No missing values found in column 'processing_fee'
[2024-11-06 11:25:13,150] INFO: 4147190236 : 38] No missing values found in column 'gst'
[2024-11-06 11:25:13,153] INFO: 4147190236 : 38] No missing values found in column 'net_disbursement'
[2024-11-06 11:25:13,153] INFO: 4147190236 : 38] No missing values found in column 'loan_tenure_months'
[2024-11-06 11:25:13,158] INFO: 4147190236 : 38] No missing values found in column 'principal_outstanding'
[2024-11-06 11:25:13,158] INFO: 4147190236 : 38] No missing values found in column 'bank_balance_at_application'
[2024-11-06 11:25:13,165] INFO: 4147190236 : 38] No missing values found in column 'disbursal_date'
[2024-11-06 11:25:13,165] INFO: 4147190236 : 38] No missing values found in column 'installment_start_dt'
[2024-11-06 11:25:13,165] INFO: 4147190236 : 38] No missing values found in column 'default'
[2024-11-06 11:25:13,173] INFO: 4147190236 : 38] No missing values found in column 'number_of_open_accounts'
[2024-11-06 11:25:13,176] INFO: 4147190236 : 38] No missing values found in column 'number_of_closed_accounts'
[2024-11-06 11:25:13,176] INFO: 4147190236 : 38] No missing values found in column 'total_loan_months'
[2024-11-06 11:25:13,176] INFO: 4147190236 : 38] No missing values found in column 'delinquent_months'
[2024-11-06 11:25:13,176] INFO: 4147190236 : 38] No missing values found in column 'total_dpd'
[2024-11-06 11:25:13,176] INFO: 4147190236 : 38] No missing values found in column 'enquiry_count'
[2024-11-06 11:25:13,176] INFO: 4147190236 : 38] No missing values found in column 'credit_utilization_ratio'
[2024-11-06 11:25:13,282] INFO: 4147190236 : 47] No duplicate rows found
[2024-11-06 11:25:13,282] INFO: 4147190236 : 49] Index(['cust_id', 'age', 'gender', 'marital_status', 'employment_status',
       'income', 'number_of_dependants', 'residence_type',
       'years_at_current_address', 'city', 'state', 'zipcode', 'loan_id',
       'loan_purpose', 'loan_type', 'sanction_amount', 'loan_amount',
       'processing_fee', 'gst', 'net_disbursement', 'loan_tenure_months',
       'principal_outstanding', 'bank_balance_at_application',
       'disbursal_date', 'installment_start_dt', 'default',
       'number_of_open_accounts', 'number_of_closed_accounts',
       'total_loan_months', 'delinquent_months', 'total_dpd', 'enquiry_count',
       'credit_utilization_ratio'],
      dtype='object')
[2024-11-06 11:25:14,018] INFO: common : 97] Successfully saved DataFrame to: artifacts\preprocessed_data.csv
[2024-11-06 11:25:14,019] INFO: 4147190236 : 53] Processed data saved to artifacts\preprocessed_data.csv
[2024-11-06 11:26:53,461] INFO: common : 32] Successfully loaded yaml file: config\config.yaml
[2024-11-06 11:26:53,473] INFO: common : 32] Successfully loaded yaml file: params.yaml
[2024-11-06 11:26:53,476] INFO: common : 32] Successfully loaded yaml file: schema.yaml
[2024-11-06 11:26:53,477] INFO: common : 55] Created directory: artifacts
[2024-11-06 11:26:53,479] INFO: common : 55] Created directory: artifacts/data_preprocessing
[2024-11-06 11:26:53,673] INFO: common : 79] Successfully loaded DataFrame from: artifacts\data_ingestion\data.csv
[2024-11-06 11:26:53,673] INFO: 4147190236 : 22] The Valure counts for 'default' column: default
0    45703
1     4297
Name: count, dtype: int64
[2024-11-06 11:26:53,673] INFO: 4147190236 : 38] No missing values found in column 'cust_id'
[2024-11-06 11:26:53,688] INFO: 4147190236 : 38] No missing values found in column 'age'
[2024-11-06 11:26:53,691] INFO: 4147190236 : 38] No missing values found in column 'gender'
[2024-11-06 11:26:53,697] INFO: 4147190236 : 38] No missing values found in column 'marital_status'
[2024-11-06 11:26:53,697] INFO: 4147190236 : 38] No missing values found in column 'employment_status'
[2024-11-06 11:26:53,697] INFO: 4147190236 : 38] No missing values found in column 'income'
[2024-11-06 11:26:53,697] INFO: 4147190236 : 38] No missing values found in column 'number_of_dependants'
[2024-11-06 11:26:53,705] WARNING: 4147190236 : 29] Missing values found in column 'residence_type', replacing with 'Unknown'
[2024-11-06 11:26:53,713] INFO: 4147190236 : 31] Missing values replaced in column 'residence_type' with mode 'Owned'
[2024-11-06 11:26:53,713] INFO: 4147190236 : 38] No missing values found in column 'years_at_current_address'
[2024-11-06 11:26:53,722] INFO: 4147190236 : 38] No missing values found in column 'city'
[2024-11-06 11:26:53,726] INFO: 4147190236 : 38] No missing values found in column 'state'
[2024-11-06 11:26:53,727] INFO: 4147190236 : 38] No missing values found in column 'zipcode'
[2024-11-06 11:26:53,727] INFO: 4147190236 : 38] No missing values found in column 'loan_id'
[2024-11-06 11:26:53,727] INFO: 4147190236 : 38] No missing values found in column 'loan_purpose'
[2024-11-06 11:26:53,727] INFO: 4147190236 : 38] No missing values found in column 'loan_type'
[2024-11-06 11:26:53,739] INFO: 4147190236 : 38] No missing values found in column 'sanction_amount'
[2024-11-06 11:26:53,741] INFO: 4147190236 : 38] No missing values found in column 'loan_amount'
[2024-11-06 11:26:53,743] INFO: 4147190236 : 38] No missing values found in column 'processing_fee'
[2024-11-06 11:26:53,744] INFO: 4147190236 : 38] No missing values found in column 'gst'
[2024-11-06 11:26:53,744] INFO: 4147190236 : 38] No missing values found in column 'net_disbursement'
[2024-11-06 11:26:53,744] INFO: 4147190236 : 38] No missing values found in column 'loan_tenure_months'
[2024-11-06 11:26:53,744] INFO: 4147190236 : 38] No missing values found in column 'principal_outstanding'
[2024-11-06 11:26:53,744] INFO: 4147190236 : 38] No missing values found in column 'bank_balance_at_application'
[2024-11-06 11:26:53,755] INFO: 4147190236 : 38] No missing values found in column 'disbursal_date'
[2024-11-06 11:26:53,761] INFO: 4147190236 : 38] No missing values found in column 'installment_start_dt'
[2024-11-06 11:26:53,765] INFO: 4147190236 : 38] No missing values found in column 'default'
[2024-11-06 11:26:53,765] INFO: 4147190236 : 38] No missing values found in column 'number_of_open_accounts'
[2024-11-06 11:26:53,765] INFO: 4147190236 : 38] No missing values found in column 'number_of_closed_accounts'
[2024-11-06 11:26:53,765] INFO: 4147190236 : 38] No missing values found in column 'total_loan_months'
[2024-11-06 11:26:53,773] INFO: 4147190236 : 38] No missing values found in column 'delinquent_months'
[2024-11-06 11:26:53,776] INFO: 4147190236 : 38] No missing values found in column 'total_dpd'
[2024-11-06 11:26:53,776] INFO: 4147190236 : 38] No missing values found in column 'enquiry_count'
[2024-11-06 11:26:53,776] INFO: 4147190236 : 38] No missing values found in column 'credit_utilization_ratio'
[2024-11-06 11:26:53,840] INFO: 4147190236 : 47] No duplicate rows found
[2024-11-06 11:26:53,855] INFO: 4147190236 : 49] Index(['cust_id', 'age', 'gender', 'marital_status', 'employment_status',
       'income', 'number_of_dependants', 'residence_type',
       'years_at_current_address', 'city', 'state', 'zipcode', 'loan_id',
       'loan_purpose', 'loan_type', 'sanction_amount', 'loan_amount',
       'processing_fee', 'gst', 'net_disbursement', 'loan_tenure_months',
       'principal_outstanding', 'bank_balance_at_application',
       'disbursal_date', 'installment_start_dt', 'default',
       'number_of_open_accounts', 'number_of_closed_accounts',
       'total_loan_months', 'delinquent_months', 'total_dpd', 'enquiry_count',
       'credit_utilization_ratio'],
      dtype='object')
[2024-11-06 11:26:54,432] INFO: common : 97] Successfully saved DataFrame to: artifacts\data_preprocessing\preprocessed_data.csv
[2024-11-06 11:26:54,434] INFO: 4147190236 : 53] Processed data saved to artifacts\data_preprocessing\preprocessed_data.csv
[2024-11-06 11:40:02,631] INFO: __init__ : 26] Credit Risk Model Building Started
[2024-11-06 11:40:03,707] INFO: main : 11] >>>>>>>>>>>Starting Data Ingestion Stage<<<<<<<<<<<<<
[2024-11-06 11:40:03,710] INFO: common : 32] Successfully loaded yaml file: config\config.yaml
[2024-11-06 11:40:03,711] INFO: common : 32] Successfully loaded yaml file: params.yaml
[2024-11-06 11:40:03,713] INFO: common : 32] Successfully loaded yaml file: schema.yaml
[2024-11-06 11:40:03,714] INFO: common : 55] Created directory: artifacts
[2024-11-06 11:40:03,714] INFO: common : 55] Created directory: artifacts/data_preprocessing
[2024-11-06 11:40:03,715] ERROR: main : 16] An unexpected error occurred: 'DataPreprocessingConfig' object has no attribute 'customers_data'
[2024-11-06 11:42:49,815] INFO: __init__ : 26] Credit Risk Model Building Started
[2024-11-06 11:42:55,001] INFO: main : 11] >>>>>>>>>>>Starting Data Ingestion Stage<<<<<<<<<<<<<
[2024-11-06 11:42:55,004] INFO: common : 32] Successfully loaded yaml file: config\config.yaml
[2024-11-06 11:42:55,004] INFO: common : 32] Successfully loaded yaml file: params.yaml
[2024-11-06 11:42:55,008] INFO: common : 32] Successfully loaded yaml file: schema.yaml
[2024-11-06 11:42:55,008] INFO: common : 55] Created directory: artifacts
[2024-11-06 11:42:55,008] INFO: common : 55] Created directory: artifacts/data_preprocessing
[2024-11-06 11:42:55,008] ERROR: main : 16] An unexpected error occurred: 'DataPreprocessingConfig' object has no attribute 'customers_data'
[2024-11-06 11:46:24,900] INFO: __init__ : 26] Credit Risk Model Building Started
[2024-11-06 11:46:25,917] INFO: main : 11] >>>>>>>>>>>Starting Data Ingestion Stage<<<<<<<<<<<<<
[2024-11-06 11:46:25,920] INFO: common : 32] Successfully loaded yaml file: config\config.yaml
[2024-11-06 11:46:25,921] INFO: common : 32] Successfully loaded yaml file: params.yaml
[2024-11-06 11:46:25,922] INFO: common : 32] Successfully loaded yaml file: schema.yaml
[2024-11-06 11:46:25,923] INFO: common : 55] Created directory: artifacts
[2024-11-06 11:46:25,923] INFO: common : 55] Created directory: artifacts/data_ingestion
[2024-11-06 11:46:25,924] ERROR: main : 16] An unexpected error occurred: "'ConfigBox' object has no attribute 'input_data'"
[2024-11-06 11:47:40,893] INFO: __init__ : 26] Credit Risk Model Building Started
[2024-11-06 11:47:42,177] INFO: main : 11] >>>>>>>>>>>Starting Data Ingestion Stage<<<<<<<<<<<<<
[2024-11-06 11:47:42,177] INFO: common : 32] Successfully loaded yaml file: config\config.yaml
[2024-11-06 11:47:42,177] INFO: common : 32] Successfully loaded yaml file: params.yaml
[2024-11-06 11:47:42,177] INFO: common : 32] Successfully loaded yaml file: schema.yaml
[2024-11-06 11:47:42,177] INFO: common : 55] Created directory: artifacts
[2024-11-06 11:47:42,191] INFO: common : 55] Created directory: artifacts/data_preprocessing
[2024-11-06 11:47:42,192] ERROR: main : 16] An unexpected error occurred: 'DataPreprocessingConfig' object has no attribute 'customers_data'
[2024-11-06 11:52:25,948] INFO: __init__ : 26] Credit Risk Model Building Started
[2024-11-06 11:52:26,608] INFO: main : 11] >>>>>>>>>>>Starting Data Ingestion Stage<<<<<<<<<<<<<
[2024-11-06 11:52:26,608] INFO: common : 32] Successfully loaded yaml file: config\config.yaml
[2024-11-06 11:52:26,608] INFO: common : 32] Successfully loaded yaml file: params.yaml
[2024-11-06 11:52:26,608] INFO: common : 32] Successfully loaded yaml file: schema.yaml
[2024-11-06 11:52:26,608] INFO: common : 55] Created directory: artifacts
[2024-11-06 11:52:26,608] INFO: common : 55] Created directory: artifacts/data_preprocessing
[2024-11-06 11:52:26,608] ERROR: main : 16] An unexpected error occurred: 'DataPreprocessingConfig' object has no attribute 'customers_data'
[2024-11-06 11:54:21,646] INFO: __init__ : 26] Credit Risk Model Building Started
[2024-11-06 11:54:22,729] INFO: main : 11] >>>>>>>>>>>Starting Data Ingestion Stage<<<<<<<<<<<<<
[2024-11-06 11:54:22,745] INFO: common : 32] Successfully loaded yaml file: config\config.yaml
[2024-11-06 11:54:22,745] INFO: common : 32] Successfully loaded yaml file: params.yaml
[2024-11-06 11:54:22,745] INFO: common : 32] Successfully loaded yaml file: schema.yaml
[2024-11-06 11:54:22,749] INFO: common : 55] Created directory: artifacts
[2024-11-06 11:54:22,750] INFO: common : 55] Created directory: artifacts/data_preprocessing
[2024-11-06 11:54:22,750] ERROR: main : 16] An unexpected error occurred: 'DataPreprocessingConfig' object has no attribute 'customers_data'
[2024-11-06 11:55:54,125] INFO: __init__ : 26] Credit Risk Model Building Started
[2024-11-06 11:55:55,070] INFO: main : 11] >>>>>>>>>>>Starting Data Ingestion Stage<<<<<<<<<<<<<
[2024-11-06 11:55:55,070] INFO: common : 32] Successfully loaded yaml file: config\config.yaml
[2024-11-06 11:55:55,070] INFO: common : 32] Successfully loaded yaml file: params.yaml
[2024-11-06 11:55:55,070] INFO: common : 32] Successfully loaded yaml file: schema.yaml
[2024-11-06 11:55:55,070] INFO: common : 55] Created directory: artifacts
[2024-11-06 11:55:55,076] INFO: common : 55] Created directory: artifacts/data_ingestion
[2024-11-06 11:55:55,076] INFO: data_ingestion : 17] Loading customers data...
[2024-11-06 11:55:55,178] INFO: common : 79] Successfully loaded DataFrame from: data\customers.csv
[2024-11-06 11:55:55,178] INFO: data_ingestion : 20] Loading loans data...
[2024-11-06 11:55:55,354] INFO: common : 79] Successfully loaded DataFrame from: data\loans.csv
[2024-11-06 11:55:55,355] INFO: data_ingestion : 23] Loading bureau data...
[2024-11-06 11:55:55,413] INFO: common : 79] Successfully loaded DataFrame from: data\bureau_data.csv
[2024-11-06 11:55:55,413] INFO: data_ingestion : 26] The Shape of customers data: (50000, 12)
[2024-11-06 11:55:55,413] INFO: data_ingestion : 27] The Shape of loans data: (50000, 15)
[2024-11-06 11:55:55,413] INFO: data_ingestion : 28] The Shape of bureau data: (50000, 8)
[2024-11-06 11:55:56,160] INFO: common : 97] Successfully saved DataFrame to: artifacts\data_ingestion\data.csv
[2024-11-06 11:55:56,166] INFO: main : 13] >>>>>>>>>>>Completed Data Ingestion Stage<<<<<<<<<<<<<
[2024-11-06 11:55:56,166] INFO: main : 23] >>>>>>>>>>>Starting Data Pre-Processing Stage<<<<<<<<<<<<<
[2024-11-06 11:55:56,176] INFO: common : 32] Successfully loaded yaml file: config\config.yaml
[2024-11-06 11:55:56,176] INFO: common : 32] Successfully loaded yaml file: params.yaml
[2024-11-06 11:55:56,176] INFO: common : 32] Successfully loaded yaml file: schema.yaml
[2024-11-06 11:55:56,176] INFO: common : 55] Created directory: artifacts
[2024-11-06 11:55:56,176] INFO: common : 55] Created directory: artifacts/data_ingestion
[2024-11-06 11:55:56,176] ERROR: main : 28] An unexpected error occurred: 'DataIngestionConfig' object has no attribute 'input_data'
[2024-11-06 11:57:56,572] INFO: __init__ : 26] Credit Risk Model Building Started
[2024-11-06 11:57:57,671] INFO: main : 11] >>>>>>>>>>>Starting Data Ingestion Stage<<<<<<<<<<<<<
[2024-11-06 11:57:57,671] INFO: common : 32] Successfully loaded yaml file: config\config.yaml
[2024-11-06 11:57:57,671] INFO: common : 32] Successfully loaded yaml file: params.yaml
[2024-11-06 11:57:57,671] INFO: common : 32] Successfully loaded yaml file: schema.yaml
[2024-11-06 11:57:57,678] INFO: common : 55] Created directory: artifacts
[2024-11-06 11:57:57,678] INFO: common : 55] Created directory: artifacts/data_ingestion
[2024-11-06 11:57:57,679] INFO: data_ingestion : 17] Loading customers data...
[2024-11-06 11:57:57,777] INFO: common : 79] Successfully loaded DataFrame from: data\customers.csv
[2024-11-06 11:57:57,777] INFO: data_ingestion : 20] Loading loans data...
[2024-11-06 11:57:57,918] INFO: common : 79] Successfully loaded DataFrame from: data\loans.csv
[2024-11-06 11:57:57,926] INFO: data_ingestion : 23] Loading bureau data...
[2024-11-06 11:57:57,978] INFO: common : 79] Successfully loaded DataFrame from: data\bureau_data.csv
[2024-11-06 11:57:57,978] INFO: data_ingestion : 26] The Shape of customers data: (50000, 12)
[2024-11-06 11:57:57,983] INFO: data_ingestion : 27] The Shape of loans data: (50000, 15)
[2024-11-06 11:57:57,983] INFO: data_ingestion : 28] The Shape of bureau data: (50000, 8)
[2024-11-06 11:57:58,682] INFO: common : 97] Successfully saved DataFrame to: artifacts\data_ingestion\data.csv
[2024-11-06 11:57:58,690] INFO: main : 13] >>>>>>>>>>>Completed Data Ingestion Stage<<<<<<<<<<<<<
[2024-11-06 11:57:58,690] INFO: main : 23] >>>>>>>>>>>Starting Data Pre-Processing Stage<<<<<<<<<<<<<
[2024-11-06 11:57:58,697] INFO: common : 32] Successfully loaded yaml file: config\config.yaml
[2024-11-06 11:57:58,697] INFO: common : 32] Successfully loaded yaml file: params.yaml
[2024-11-06 11:57:58,697] INFO: common : 32] Successfully loaded yaml file: schema.yaml
[2024-11-06 11:57:58,697] INFO: common : 55] Created directory: artifacts
[2024-11-06 11:57:58,697] INFO: common : 55] Created directory: artifacts/data_preprocessing
[2024-11-06 11:57:58,962] INFO: common : 79] Successfully loaded DataFrame from: artifacts\data_ingestion\data.csv
[2024-11-06 11:57:58,977] INFO: data_preprocessing : 26] The Valure counts for 'default' column: default
0    45703
1     4297
Name: count, dtype: int64
[2024-11-06 11:57:58,980] INFO: data_preprocessing : 42] No missing values found in column 'cust_id'
[2024-11-06 11:57:58,980] INFO: data_preprocessing : 42] No missing values found in column 'age'
[2024-11-06 11:57:58,985] INFO: data_preprocessing : 42] No missing values found in column 'gender'
[2024-11-06 11:57:58,985] INFO: data_preprocessing : 42] No missing values found in column 'marital_status'
[2024-11-06 11:57:58,992] INFO: data_preprocessing : 42] No missing values found in column 'employment_status'
[2024-11-06 11:57:58,993] INFO: data_preprocessing : 42] No missing values found in column 'income'
[2024-11-06 11:57:58,993] INFO: data_preprocessing : 42] No missing values found in column 'number_of_dependants'
[2024-11-06 11:57:58,993] WARNING: data_preprocessing : 33] Missing values found in column 'residence_type', replacing with 'Unknown'
[2024-11-06 11:57:59,010] INFO: data_preprocessing : 35] Missing values replaced in column 'residence_type' with mode 'Owned'
[2024-11-06 11:57:59,014] INFO: data_preprocessing : 42] No missing values found in column 'years_at_current_address'
[2024-11-06 11:57:59,017] INFO: data_preprocessing : 42] No missing values found in column 'city'
[2024-11-06 11:57:59,017] INFO: data_preprocessing : 42] No missing values found in column 'state'
[2024-11-06 11:57:59,017] INFO: data_preprocessing : 42] No missing values found in column 'zipcode'
[2024-11-06 11:57:59,023] INFO: data_preprocessing : 42] No missing values found in column 'loan_id'
[2024-11-06 11:57:59,025] INFO: data_preprocessing : 42] No missing values found in column 'loan_purpose'
[2024-11-06 11:57:59,032] INFO: data_preprocessing : 42] No missing values found in column 'loan_type'
[2024-11-06 11:57:59,032] INFO: data_preprocessing : 42] No missing values found in column 'sanction_amount'
[2024-11-06 11:57:59,034] INFO: data_preprocessing : 42] No missing values found in column 'loan_amount'
[2024-11-06 11:57:59,034] INFO: data_preprocessing : 42] No missing values found in column 'processing_fee'
[2024-11-06 11:57:59,034] INFO: data_preprocessing : 42] No missing values found in column 'gst'
[2024-11-06 11:57:59,037] INFO: data_preprocessing : 42] No missing values found in column 'net_disbursement'
[2024-11-06 11:57:59,038] INFO: data_preprocessing : 42] No missing values found in column 'loan_tenure_months'
[2024-11-06 11:57:59,038] INFO: data_preprocessing : 42] No missing values found in column 'principal_outstanding'
[2024-11-06 11:57:59,038] INFO: data_preprocessing : 42] No missing values found in column 'bank_balance_at_application'
[2024-11-06 11:57:59,042] INFO: data_preprocessing : 42] No missing values found in column 'disbursal_date'
[2024-11-06 11:57:59,042] INFO: data_preprocessing : 42] No missing values found in column 'installment_start_dt'
[2024-11-06 11:57:59,048] INFO: data_preprocessing : 42] No missing values found in column 'default'
[2024-11-06 11:57:59,049] INFO: data_preprocessing : 42] No missing values found in column 'number_of_open_accounts'
[2024-11-06 11:57:59,051] INFO: data_preprocessing : 42] No missing values found in column 'number_of_closed_accounts'
[2024-11-06 11:57:59,051] INFO: data_preprocessing : 42] No missing values found in column 'total_loan_months'
[2024-11-06 11:57:59,053] INFO: data_preprocessing : 42] No missing values found in column 'delinquent_months'
[2024-11-06 11:57:59,053] INFO: data_preprocessing : 42] No missing values found in column 'total_dpd'
[2024-11-06 11:57:59,053] INFO: data_preprocessing : 42] No missing values found in column 'enquiry_count'
[2024-11-06 11:57:59,055] INFO: data_preprocessing : 42] No missing values found in column 'credit_utilization_ratio'
[2024-11-06 11:57:59,150] INFO: data_preprocessing : 51] No duplicate rows found
[2024-11-06 11:57:59,150] INFO: data_preprocessing : 53] Index(['cust_id', 'age', 'gender', 'marital_status', 'employment_status',
       'income', 'number_of_dependants', 'residence_type',
       'years_at_current_address', 'city', 'state', 'zipcode', 'loan_id',
       'loan_purpose', 'loan_type', 'sanction_amount', 'loan_amount',
       'processing_fee', 'gst', 'net_disbursement', 'loan_tenure_months',
       'principal_outstanding', 'bank_balance_at_application',
       'disbursal_date', 'installment_start_dt', 'default',
       'number_of_open_accounts', 'number_of_closed_accounts',
       'total_loan_months', 'delinquent_months', 'total_dpd', 'enquiry_count',
       'credit_utilization_ratio'],
      dtype='object')
[2024-11-06 11:57:59,754] INFO: common : 97] Successfully saved DataFrame to: artifacts\data_preprocessing\preprocessed_data.csv
[2024-11-06 11:57:59,755] INFO: data_preprocessing : 57] Processed data saved to artifacts\data_preprocessing\preprocessed_data.csv
[2024-11-06 11:57:59,759] INFO: main : 25] >>>>>>>>>>>Completed Data Pre-Processing Stage<<<<<<<<<<<<<
